<?xml version="1.0" encoding="UTF-8"?>
<testng-results total="1" passed="1" failed="0" skipped="0">
  <reporter-output>
  </reporter-output>
  <suite started-at="2023-08-26T03:15:15Z" name="Default suite" finished-at="2023-08-26T03:15:22Z" duration-ms="7062">
    <groups>
    </groups>
    <test started-at="2023-08-26T03:15:15Z" name="Default test" finished-at="2023-08-26T03:15:22Z" duration-ms="7062">
      <class name="com.selenium.day2.DemoWebElementMEthods">
        <test-method signature="test()[pri:0, instance:com.selenium.day2.DemoWebElementMEthods@413f69cc]" started-at="2023-08-26T08:45:15Z" name="test" finished-at="2023-08-26T08:45:22Z" duration-ms="7025" status="PASS">
          <reporter-output>
          </reporter-output>
        </test-method> <!-- test -->
      </class> <!-- com.selenium.day2.DemoWebElementMEthods -->
    </test> <!-- Default test -->
  </suite> <!-- Default suite -->
</testng-results>
