<?xml version="1.0" encoding="UTF-8"?>
<testng-results total="6" passed="6" failed="0" skipped="0">
  <reporter-output>
  </reporter-output>
  <suite started-at="2023-09-03T03:33:36Z" name="Suite" finished-at="2023-09-03T03:33:36Z" duration-ms="72">
    <groups>
      <group name="smoke">
        <method signature="Demogroups.c_job()[pri:0, instance:com.seleniumt.testng.Demogroups@6239aba6]" name="c_job" class="com.seleniumt.testng.Demogroups"/>
        <method signature="Demogroups.createuser()[pri:0, instance:com.seleniumt.testng.Demogroups@6239aba6]" name="createuser" class="com.seleniumt.testng.Demogroups"/>
        <method signature="Demogroups.d_leave()[pri:0, instance:com.seleniumt.testng.Demogroups@6239aba6]" name="d_leave" class="com.seleniumt.testng.Demogroups"/>
        <method signature="Demogroups.login(java.lang.String)[pri:0, instance:com.seleniumt.testng.Demogroups@6239aba6]" name="login" class="com.seleniumt.testng.Demogroups"/>
        <method signature="Test1.testMethod1(java.lang.String)[pri:0, instance:com.seleniumt.testng.Test1@479460a6]" name="testMethod1" class="com.seleniumt.testng.Test1"/>
        <method signature="Test1.testMethod2()[pri:0, instance:com.seleniumt.testng.Test1@479460a6]" name="testMethod2" class="com.seleniumt.testng.Test1"/>
      </group> <!-- smoke -->
      <group name="functest">
        <method signature="Test1.testMethod1(java.lang.String)[pri:0, instance:com.seleniumt.testng.Test1@479460a6]" name="testMethod1" class="com.seleniumt.testng.Test1"/>
        <method signature="Test1.testMethod2()[pri:0, instance:com.seleniumt.testng.Test1@479460a6]" name="testMethod2" class="com.seleniumt.testng.Test1"/>
      </group> <!-- functest -->
    </groups>
    <test started-at="2023-09-03T03:33:36Z" name="Test" finished-at="2023-09-03T03:33:36Z" duration-ms="72">
      <class name="com.seleniumt.testng.Test1">
        <test-method signature="testMethod1(java.lang.String)[pri:0, instance:com.seleniumt.testng.Test1@479460a6]" started-at="2023-09-03T09:03:36Z" name="testMethod1" finished-at="2023-09-03T09:03:36Z" duration-ms="2" status="PASS">
          <params>
            <param index="0">
              <value>
                <![CDATA[Selenium TestNG]]>
              </value>
            </param>
          </params>
          <reporter-output>
          </reporter-output>
        </test-method> <!-- testMethod1 -->
        <test-method signature="testMethod2()[pri:0, instance:com.seleniumt.testng.Test1@479460a6]" started-at="2023-09-03T09:03:36Z" name="testMethod2" finished-at="2023-09-03T09:03:36Z" duration-ms="2" status="PASS">
          <reporter-output>
          </reporter-output>
        </test-method> <!-- testMethod2 -->
      </class> <!-- com.seleniumt.testng.Test1 -->
      <class name="com.seleniumt.testng.Demogroups">
        <test-method signature="c_job()[pri:0, instance:com.seleniumt.testng.Demogroups@6239aba6]" started-at="2023-09-03T09:03:36Z" name="c_job" finished-at="2023-09-03T09:03:36Z" duration-ms="13" status="PASS">
          <reporter-output>
          </reporter-output>
        </test-method> <!-- c_job -->
        <test-method signature="createuser()[pri:0, instance:com.seleniumt.testng.Demogroups@6239aba6]" started-at="2023-09-03T09:03:36Z" name="createuser" finished-at="2023-09-03T09:03:36Z" duration-ms="1" status="PASS">
          <reporter-output>
          </reporter-output>
        </test-method> <!-- createuser -->
        <test-method signature="d_leave()[pri:0, instance:com.seleniumt.testng.Demogroups@6239aba6]" started-at="2023-09-03T09:03:36Z" name="d_leave" finished-at="2023-09-03T09:03:36Z" duration-ms="2" status="PASS">
          <reporter-output>
          </reporter-output>
        </test-method> <!-- d_leave -->
        <test-method signature="login(java.lang.String)[pri:0, instance:com.seleniumt.testng.Demogroups@6239aba6]" started-at="2023-09-03T09:03:36Z" name="login" finished-at="2023-09-03T09:03:36Z" duration-ms="2" status="PASS">
          <params>
            <param index="0">
              <value>
                <![CDATA[Selenium TestNG]]>
              </value>
            </param>
          </params>
          <reporter-output>
          </reporter-output>
        </test-method> <!-- login -->
      </class> <!-- com.seleniumt.testng.Demogroups -->
    </test> <!-- Test -->
  </suite> <!-- Suite -->
</testng-results>
