<?xml version="1.0" encoding="UTF-8"?>
<!-- Generated by org.testng.reporters.JUnitXMLReporter -->
<testsuite hostname="DESKTOP-OD5RHOE" failures="0" tests="6" name="Test" time="0.072" errors="0" timestamp="3 Sep 2023 03:33:36 GMT">
  <testcase classname="com.seleniumt.testng.Demogroups" name="c_job" time="0.013"/>
  <testcase classname="com.seleniumt.testng.Demogroups" name="createuser" time="0.001"/>
  <testcase classname="com.seleniumt.testng.Demogroups" name="d_leave" time="0.002"/>
  <testcase classname="com.seleniumt.testng.Demogroups" name="login" time="0.002"/>
  <testcase classname="com.seleniumt.testng.Test1" name="testMethod1" time="0.002"/>
  <testcase classname="com.seleniumt.testng.Test1" name="testMethod2" time="0.002"/>
</testsuite> <!-- Test -->
