<?xml version="1.0" encoding="UTF-8"?>
<!-- Generated by org.testng.reporters.JUnitXMLReporter -->
<testsuite hostname="DESKTOP-OD5RHOE" failures="1" tests="8" name="Test" time="83.784" errors="0" timestamp="4 Sep 2023 02:28:30 GMT">
  <testcase classname="com.ohrm.parallel.DemoParallel" name="testGoogle" time="10.044"/>
  <testcase classname="com.ohrm.parallel.DemoParallel" name="testYahoo" time="46.702"/>
  <testcase classname="com.ohrm.parallel.DemoParallel2" name="testGoogle" time="12.394"/>
  <testcase classname="com.ohrm.parallel.DemoParallel" name="testSakshi" time="61.364"/>
  <testcase classname="com.ohrm.parallel.DemoParallel2" name="testSakshi" time="16.41">
    <failure type="org.openqa.selenium.WebDriverException" message="unknown error: cannot determine loading status
from target frame detached
  (Session info: chrome=116.0.5845.111)
Build info: version: &amp;apos;4.11.0&amp;apos;, revision: &amp;apos;040bc5406b&amp;apos;
System info: os.name: &amp;apos;Windows 11&amp;apos;, os.arch: &amp;apos;amd64&amp;apos;, os.version: &amp;apos;10.0&amp;apos;, java.version: &amp;apos;17.0.7&amp;apos;
Driver info: org.openqa.selenium.chrome.ChromeDriver
Command: [c514e68ab76dacb0ab918750faa2d587, get {url=http://www.sakshi.com}]
Capabilities {acceptInsecureCerts: false, browserName: chrome, browserVersion: 116.0.5845.111, chrome: {chromedriverVersion: 116.0.5845.96 (1a3918166880..., userDataDir: C:\Users\DELL\AppData\Local...}, fedcm:accounts: true, goog:chromeOptions: {debuggerAddress: localhost:58398}, networkConnectionEnabled: false, pageLoadStrategy: normal, platformName: windows, proxy: Proxy(), se:cdp: ws://localhost:58398/devtoo..., se:cdpVersion: 116.0.5845.111, setWindowRect: true, strictFileInteractability: false, timeouts: {implicit: 0, pageLoad: 300000, script: 30000}, unhandledPromptBehavior: dismiss and notify, webauthn:extension:credBlob: true, webauthn:extension:largeBlob: true, webauthn:extension:minPinLength: true, webauthn:extension:prf: true, webauthn:virtualAuthenticators: true}
Session ID: c514e68ab76dacb0ab918750faa2d587">
      <![CDATA[org.openqa.selenium.WebDriverException: unknown error: cannot determine loading status
from target frame detached
  (Session info: chrome=116.0.5845.111)
Build info: version: '4.11.0', revision: '040bc5406b'
System info: os.name: 'Windows 11', os.arch: 'amd64', os.version: '10.0', java.version: '17.0.7'
Driver info: org.openqa.selenium.chrome.ChromeDriver
Command: [c514e68ab76dacb0ab918750faa2d587, get {url=http://www.sakshi.com}]
Capabilities {acceptInsecureCerts: false, browserName: chrome, browserVersion: 116.0.5845.111, chrome: {chromedriverVersion: 116.0.5845.96 (1a3918166880..., userDataDir: C:\Users\DELL\AppData\Local...}, fedcm:accounts: true, goog:chromeOptions: {debuggerAddress: localhost:58398}, networkConnectionEnabled: false, pageLoadStrategy: normal, platformName: windows, proxy: Proxy(), se:cdp: ws://localhost:58398/devtoo..., se:cdpVersion: 116.0.5845.111, setWindowRect: true, strictFileInteractability: false, timeouts: {implicit: 0, pageLoad: 300000, script: 30000}, unhandledPromptBehavior: dismiss and notify, webauthn:extension:credBlob: true, webauthn:extension:largeBlob: true, webauthn:extension:minPinLength: true, webauthn:extension:prf: true, webauthn:virtualAuthenticators: true}
Session ID: c514e68ab76dacb0ab918750faa2d587
	at org.openqa.selenium.remote.codec.w3c.W3CHttpResponseCodec.createException(W3CHttpResponseCodec.java:200)
	at org.openqa.selenium.remote.codec.w3c.W3CHttpResponseCodec.decode(W3CHttpResponseCodec.java:133)
	at org.openqa.selenium.remote.codec.w3c.W3CHttpResponseCodec.decode(W3CHttpResponseCodec.java:52)
	at org.openqa.selenium.remote.HttpCommandExecutor.execute(HttpCommandExecutor.java:191)
	at org.openqa.selenium.remote.service.DriverCommandExecutor.invokeExecute(DriverCommandExecutor.java:196)
	at org.openqa.selenium.remote.service.DriverCommandExecutor.execute(DriverCommandExecutor.java:171)
	at org.openqa.selenium.remote.RemoteWebDriver.execute(RemoteWebDriver.java:518)
	at org.openqa.selenium.remote.RemoteWebDriver.get(RemoteWebDriver.java:300)
	at com.ohrm.parallel.DemoParallel2.testSakshi(DemoParallel2.java:18)
	at java.base/java.util.concurrent.ThreadPoolExecutor.runWorker(ThreadPoolExecutor.java:1136)
	at java.base/java.util.concurrent.ThreadPoolExecutor$Worker.run(ThreadPoolExecutor.java:635)
	at java.base/java.lang.Thread.run(Thread.java:833)
... Removed 15 stack frames]]>
    </failure>
  </testcase> <!-- testSakshi -->
  <testcase classname="com.ohrm.parallel.DemoParallel2" name="testEenadu" time="69.181"/>
  <testcase classname="com.ohrm.parallel.DemoParallel2" name="testYahoo" time="18.586"/>
  <testcase classname="com.ohrm.parallel.DemoParallel" name="testEenadu" time="83.762"/>
</testsuite> <!-- Test -->
